TN:
SF:/home/alice/C7_SmartCalc_v1.0-1/src/backend/s21_rpn_conversion.c
FN:3,S21_rpn_conversion
FNDA:26,S21_rpn_conversion
FN:55,s21_dijkstra_alg
FNDA:129,s21_dijkstra_alg
FN:110,s21_priority_determining
FNDA:35,s21_priority_determining
FN:130,s21_dijkstra_completion
FNDA:26,s21_dijkstra_completion
DA:3,26
DA:4,26
DA:5,26
DA:6,26
DA:7,26
DA:8,26
DA:9,26
DA:10,26
DA:12,26
DA:14,26
DA:15,26
DA:16,26
DA:17,272
DA:19,246
DA:20,246
DA:21,93
DA:22,62
DA:23,62
DA:26,62
DA:28,62
DA:30,62
DA:33,93
DA:34,93
DA:35,5
DA:37,88
DA:38,62
DA:41,153
DA:44,26
DA:46,26
DA:47,26
DA:48,26
DA:49,26
DA:50,26
DA:52,26
DA:55,129
DA:57,129
DA:58,129
DA:60,47
DA:61,47
DA:63,82
DA:65,20
DA:66,20
DA:67,20
DA:68,62
DA:69,21
DA:70,31
DA:71,10
DA:72,10
DA:73,10
DA:74,10
DA:75,10
DA:77,21
DA:78,20
DA:80,41
DA:82,17
DA:83,17
DA:84,17
DA:85,22
DA:86,5
DA:87,5
DA:88,5
DA:89,5
DA:90,1
DA:91,1
DA:96,41
DA:97,41
DA:98,41
DA:101,129
DA:110,35
DA:111,35
DA:113,35
DA:114,35
DA:116,35
DA:117,11
DA:119,24
DA:120,9
DA:121,15
DA:122,8
DA:123,7
DA:124,2
DA:125,7
DA:127,35
DA:130,26
DA:131,26
DA:133,52
DA:134,26
DA:135,26
DA:136,26
DA:137,26
DA:139,26
end_of_record
TN:
SF:/home/alice/C7_SmartCalc_v1.0-1/src/backend/s21_bank_calc.c
FN:3,s21_annuity_loan
FNDA:4,s21_annuity_loan
FN:16,s21_differentiated_loan
FNDA:4,s21_differentiated_loan
FN:23,s21_deposit_calc
FNDA:4,s21_deposit_calc
DA:3,4
DA:5,4
DA:6,4
DA:7,2
DA:8,2
DA:9,2
DA:10,2
DA:11,2
DA:13,4
DA:16,4
DA:17,4
DA:18,4
DA:19,4
DA:20,4
DA:23,4
DA:24,4
DA:25,4
DA:26,4
DA:27,4
end_of_record
TN:
SF:/home/alice/C7_SmartCalc_v1.0-1/src/backend/s21_stack.c
FN:3,peek_operation
FNDA:49,peek_operation
FN:10,pop
FNDA:150,pop
FN:24,push
FNDA:149,push
DA:3,49
DA:4,49
DA:5,49
DA:6,48
DA:7,49
DA:10,150
DA:11,150
DA:13,150
DA:14,149
DA:15,149
DA:16,149
DA:17,149
DA:18,61
DA:19,149
DA:21,150
DA:24,149
DA:25,149
DA:26,149
DA:27,149
DA:28,149
DA:29,0
DA:31,149
DA:32,149
DA:33,149
DA:34,149
DA:36,149
end_of_record
TN:
SF:/home/alice/C7_SmartCalc_v1.0-1/src/backend/s21_common_func.c
FN:8,s21_token_definition
FNDA:150,s21_token_definition
FN:34,s21_strncpy
FNDA:262,s21_strncpy
FN:42,s21_strcat
FNDA:156,s21_strcat
DA:8,150
DA:9,150
DA:11,150
DA:13,150
DA:15,150
DA:17,150
DA:22,150
DA:23,150
DA:25,150
DA:26,21
DA:27,129
DA:28,35
DA:29,94
DA:30,94
DA:31,150
DA:34,262
DA:35,262
DA:36,960
DA:37,698
DA:38,698
DA:40,262
DA:42,156
DA:43,156
DA:44,156
DA:45,131
DA:47,25
DA:48,25
DA:50,156
end_of_record
TN:
SF:/home/alice/C7_SmartCalc_v1.0-1/src/backend/s21_smart_calc.c
FN:3,s21_calculation
FNDA:26,s21_calculation
FN:15,string_overwriting
FNDA:26,string_overwriting
FN:58,s21_token_splitting
FNDA:26,s21_token_splitting
FN:86,s21_postfix_calculation
FNDA:88,s21_postfix_calculation
FN:112,s21_convert_str_to_double
FNDA:47,s21_convert_str_to_double
FN:117,s21_performing_operations
FNDA:21,s21_performing_operations
FN:138,s21_performing_function
FNDA:20,s21_performing_function
DA:3,26
DA:4,26
DA:5,26
DA:7,26
DA:8,26
DA:9,26
DA:10,26
DA:11,26
DA:12,26
DA:15,26
DA:16,26
DA:18,26
DA:19,26
DA:20,250
DA:21,224
DA:22,26
DA:23,26
DA:24,26
DA:25,19
DA:26,26
DA:27,26
DA:29,26
DA:30,26
DA:31,246
DA:32,220
DA:33,220
DA:34,220
DA:35,2
DA:36,2
DA:38,218
DA:39,6
DA:40,6
DA:41,3
DA:42,215
DA:43,9
DA:44,9
DA:45,2
DA:47,213
DA:48,213
DA:49,218
DA:52,26
DA:53,26
DA:54,26
DA:55,26
DA:58,26
DA:59,26
DA:61,26
DA:63,26
DA:64,26
DA:65,319
DA:66,293
DA:67,114
DA:68,88
DA:69,88
DA:70,88
DA:72,114
DA:74,179
DA:76,26
DA:77,27
DA:78,1
DA:79,1
DA:80,1
DA:82,26
DA:83,26
DA:86,88
DA:89,88
DA:90,88
DA:91,47
DA:92,47
DA:93,41
DA:96,21
DA:97,21
DA:99,21
DA:100,21
DA:102,21
DA:103,20
DA:104,20
DA:105,20
DA:106,20
DA:107,20
DA:109,88
DA:112,47
DA:113,47
DA:114,47
DA:117,21
DA:119,21
DA:120,21
DA:121,7
DA:122,14
DA:123,3
DA:124,11
DA:125,5
DA:126,6
DA:127,3
DA:128,2
DA:130,1
DA:131,3
DA:132,1
DA:133,2
DA:134,2
DA:135,21
DA:138,20
DA:139,20
DA:140,20
DA:141,2
DA:142,18
DA:143,3
DA:144,15
DA:145,1
DA:146,14
DA:147,1
DA:148,13
DA:149,1
DA:150,12
DA:151,1
DA:152,11
DA:153,2
DA:154,9
DA:155,2
DA:156,7
DA:157,2
DA:158,5
DA:159,3
DA:160,2
DA:161,2
DA:162,20
end_of_record
